<?xml version="1.0" encoding="UTF-8"?>
<testng-results ignored="0" total="1" passed="1" failed="0" skipped="0">
  <reporter-output>
  </reporter-output>
  <suite started-at="2025-11-19T12:52:19 GST" name="Default suite" finished-at="2025-11-19T12:52:19 GST" duration-ms="86">
    <groups>
    </groups>
    <test started-at="2025-11-19T12:52:19 GST" name="Default test" finished-at="2025-11-19T12:52:19 GST" duration-ms="86">
      <class name="seleniumBasics.TestngAnnotations">
        <test-method is-config="true" signature="beforesuite()[pri:0, instance:seleniumBasics.TestngAnnotations@765d7657]" started-at="2025-11-19T12:52:19 GST" name="beforesuite" finished-at="2025-11-19T12:52:19 GST" duration-ms="29" status="PASS">
          <reporter-output>
          </reporter-output>
        </test-method> <!-- beforesuite -->
        <test-method is-config="true" signature="beforeTest()[pri:0, instance:seleniumBasics.TestngAnnotations@765d7657]" started-at="2025-11-19T12:52:19 GST" name="beforeTest" finished-at="2025-11-19T12:52:19 GST" duration-ms="2" status="PASS">
          <reporter-output>
          </reporter-output>
        </test-method> <!-- beforeTest -->
        <test-method is-config="true" signature="beforeclass()[pri:0, instance:seleniumBasics.TestngAnnotations@765d7657]" started-at="2025-11-19T12:52:19 GST" name="beforeclass" finished-at="2025-11-19T12:52:19 GST" duration-ms="1" status="PASS">
          <reporter-output>
          </reporter-output>
        </test-method> <!-- beforeclass -->
        <test-method is-config="true" signature="beforeMethodSample()[pri:0, instance:seleniumBasics.TestngAnnotations@765d7657]" started-at="2025-11-19T12:52:19 GST" name="beforeMethodSample" finished-at="2025-11-19T12:52:19 GST" duration-ms="1" status="PASS">
          <reporter-output>
          </reporter-output>
        </test-method> <!-- beforeMethodSample -->
        <test-method signature="sampleTestCase()[pri:0, instance:seleniumBasics.TestngAnnotations@765d7657]" started-at="2025-11-19T12:52:19 GST" name="sampleTestCase" finished-at="2025-11-19T12:52:19 GST" duration-ms="12" status="PASS">
          <reporter-output>
          </reporter-output>
        </test-method> <!-- sampleTestCase -->
        <test-method is-config="true" signature="afterMethodSample()[pri:0, instance:seleniumBasics.TestngAnnotations@765d7657]" started-at="2025-11-19T12:52:19 GST" name="afterMethodSample" finished-at="2025-11-19T12:52:19 GST" duration-ms="1" status="PASS">
          <reporter-output>
          </reporter-output>
        </test-method> <!-- afterMethodSample -->
        <test-method is-config="true" signature="afterClass()[pri:0, instance:seleniumBasics.TestngAnnotations@765d7657]" started-at="2025-11-19T12:52:19 GST" name="afterClass" finished-at="2025-11-19T12:52:19 GST" duration-ms="1" status="PASS">
          <reporter-output>
          </reporter-output>
        </test-method> <!-- afterClass -->
        <test-method is-config="true" signature="afterTest()[pri:0, instance:seleniumBasics.TestngAnnotations@765d7657]" started-at="2025-11-19T12:52:19 GST" name="afterTest" finished-at="2025-11-19T12:52:19 GST" duration-ms="1" status="PASS">
          <reporter-output>
          </reporter-output>
        </test-method> <!-- afterTest -->
        <test-method is-config="true" signature="aftersuite()[pri:0, instance:seleniumBasics.TestngAnnotations@765d7657]" started-at="2025-11-19T12:52:19 GST" name="aftersuite" finished-at="2025-11-19T12:52:19 GST" duration-ms="1" status="PASS">
          <reporter-output>
          </reporter-output>
        </test-method> <!-- aftersuite -->
      </class> <!-- seleniumBasics.TestngAnnotations -->
    </test> <!-- Default test -->
  </suite> <!-- Default suite -->
</testng-results>
