<?xml version="1.0" encoding="UTF-8"?>
<testng-results ignored="0" total="1" passed="1" failed="0" skipped="0">
  <reporter-output>
  </reporter-output>
  <suite started-at="2025-11-21T11:32:15 GST" name="Default suite" finished-at="2025-11-21T11:32:22 GST" duration-ms="6597">
    <groups>
    </groups>
    <test started-at="2025-11-21T11:32:15 GST" name="Default test" finished-at="2025-11-21T11:32:22 GST" duration-ms="6597">
      <class name="testscripts.LoginTest">
        <test-method is-config="true" signature="initializeBrowser()[pri:0, instance:testscripts.LoginTest@55183b20]" started-at="2025-11-21T11:32:15 GST" name="initializeBrowser" finished-at="2025-11-21T11:32:21 GST" duration-ms="5595" status="PASS">
          <reporter-output>
          </reporter-output>
        </test-method> <!-- initializeBrowser -->
        <test-method signature="verifyWhetherUserIsAbleToLoginWithValidCredential()[pri:0, instance:testscripts.LoginTest@55183b20]" started-at="2025-11-21T11:32:21 GST" name="verifyWhetherUserIsAbleToLoginWithValidCredential" finished-at="2025-11-21T11:32:22 GST" duration-ms="904" status="PASS">
          <reporter-output>
          </reporter-output>
        </test-method> <!-- verifyWhetherUserIsAbleToLoginWithValidCredential -->
        <test-method is-config="true" signature="browserCloseAndQuit()[pri:0, instance:testscripts.LoginTest@55183b20]" started-at="2025-11-21T11:32:22 GST" name="browserCloseAndQuit" finished-at="2025-11-21T11:32:22 GST" duration-ms="0" status="PASS">
          <reporter-output>
          </reporter-output>
        </test-method> <!-- browserCloseAndQuit -->
      </class> <!-- testscripts.LoginTest -->
    </test> <!-- Default test -->
  </suite> <!-- Default suite -->
</testng-results>
