<?xml version="1.0" encoding="UTF-8"?>
<!-- Generated by org.testng.reporters.JUnitXMLReporter -->
<testsuite ignored="3" hostname="Sivesh" failures="0" tests="1" name="Default test" time="10.042" errors="0" timestamp="2025-11-25T19:37:18 GST">
  <testcase classname="testscripts.LoginTest" name="VerifyWhetherUserIsAbleToLoginWithInvalidUsernameAndInvalidPassword" time="3.813"/>
  <testcase classname="testscripts.LoginTest" name="verifyWhetherUserIsAbleToLoginWithInValidUsernmaeAndValidPassword" time="0.0">
    <ignored/>
  </testcase> <!-- verifyWhetherUserIsAbleToLoginWithInValidUsernmaeAndValidPassword -->
  <testcase classname="testscripts.LoginTest" name="verifyWhetherUserIsAbleToLoginWithValidUsernameAndInvalidPassword" time="0.0">
    <ignored/>
  </testcase> <!-- verifyWhetherUserIsAbleToLoginWithValidUsernameAndInvalidPassword -->
  <testcase classname="testscripts.LoginTest" name="verifyWhetherUserIsAbleToLoginWithValidCredential" time="0.0">
    <ignored/>
  </testcase> <!-- verifyWhetherUserIsAbleToLoginWithValidCredential -->
</testsuite> <!-- Default test -->
